<?xml version="1.0" encoding="UTF-8"?>
<!-- Generated by org.testng.reporters.JUnitReportReporter -->
<testsuite hostname="DESKTOP-V7K5OR1" failures="0" tests="12" name="testCases.PortfolioTest" time="187.502" errors="0" timestamp="2025-03-02T19:13:01 IST" skipped="5">
  <testcase classname="testCases.PortfolioTest" name="createPortfolio" time="0.000">
    <skipped/>
  </testcase> <!-- createPortfolio -->
  <system-out/>
  <testcase classname="testCases.PortfolioTest" name="selectPortfolio" time="21.888"/>
  <system-out/>
  <testcase classname="testCases.PortfolioTest" name="selectPortfolio" time="6.864"/>
  <system-out/>
  <testcase classname="testCases.PortfolioTest" name="selectPortfolio" time="0.000">
    <skipped/>
  </testcase> <!-- selectPortfolio -->
  <system-out/>
  <testcase classname="testCases.PortfolioTest" name="deletePortfolio" time="0.000">
    <skipped/>
  </testcase> <!-- deletePortfolio -->
  <system-out/>
  <testcase classname="testCases.PortfolioTest" name="selectPortfolio" time="38.361"/>
  <system-out/>
  <testcase classname="testCases.PortfolioTest" name="createPortfolio" time="10.796"/>
  <system-out/>
  <testcase classname="testCases.PortfolioTest" name="deletePortfolio" time="0.000">
    <skipped/>
  </testcase> <!-- deletePortfolio -->
  <system-out/>
  <testcase classname="testCases.PortfolioTest" name="selectPortfolio" time="53.094"/>
  <system-out/>
  <testcase classname="testCases.PortfolioTest" name="createPortfolio" time="35.281"/>
  <system-out/>
  <testcase classname="testCases.PortfolioTest" name="deletePortfolio" time="21.218"/>
  <system-out/>
  <testcase classname="testCases.PortfolioTest" name="createPortfolio" time="0.000">
    <skipped/>
  </testcase> <!-- createPortfolio -->
  <system-out/>
</testsuite> <!-- testCases.PortfolioTest -->
