<?xml version="1.0" encoding="UTF-8"?>
<!-- Generated by org.testng.reporters.JUnitReportReporter -->
<testsuite hostname="DESKTOP-V7K5OR1" failures="0" tests="1" name="tryTest.CreatePortfolioTest" time="44.110" errors="0" timestamp="2024-10-04T22:00:16 IST" skipped="0">
  <testcase classname="tryTest.CreatePortfolioTest" name="createPortfolio" time="44.110"/>
</testsuite> <!-- tryTest.CreatePortfolioTest -->
