<?xml version="1.0" encoding="UTF-8"?>
<!-- Generated by org.testng.reporters.JUnitReportReporter -->
<testsuite hostname="DESKTOP-V7K5OR1" failures="0" tests="2" name="testCases.StockTest" time="0.000" errors="0" timestamp="2025-02-16T15:10:28 IST" skipped="2">
  <testcase classname="testCases.StockTest" name="verifyStockIsPresent" time="0.000">
    <skipped/>
  </testcase> <!-- verifyStockIsPresent -->
  <system-out/>
  <testcase classname="testCases.StockTest" name="verifyTransactionHistory" time="0.000">
    <skipped/>
  </testcase> <!-- verifyTransactionHistory -->
  <system-out/>
</testsuite> <!-- testCases.StockTest -->
