<?xml version="1.0" encoding="UTF-8"?>
<!-- Generated by org.testng.reporters.JUnitReportReporter -->
<testsuite hostname="DESKTOP-V7K5OR1" failures="0" tests="6" name="testCases.SessionTest" time="59.815" errors="0" timestamp="2025-02-16T19:55:41 IST" skipped="4">
  <testcase classname="testCases.SessionTest" name="doLogin" time="0.000">
    <skipped/>
  </testcase> <!-- doLogin -->
  <system-out/>
  <testcase classname="testCases.SessionTest" name="openUp" time="0.000">
    <skipped/>
  </testcase> <!-- openUp -->
  <system-out/>
  <testcase classname="testCases.SessionTest" name="doLogin" time="32.841"/>
  <system-out/>
  <testcase classname="testCases.SessionTest" name="openUp" time="26.974"/>
  <system-out/>
  <testcase classname="testCases.SessionTest" name="openUp" time="0.000">
    <skipped/>
  </testcase> <!-- openUp -->
  <system-out/>
  <testcase classname="testCases.SessionTest" name="doLogin" time="0.000">
    <skipped/>
  </testcase> <!-- doLogin -->
  <system-out/>
</testsuite> <!-- testCases.SessionTest -->
