<?xml version="1.0" encoding="UTF-8"?>
<!-- Generated by org.testng.reporters.JUnitReportReporter -->
<testsuite hostname="DESKTOP-V7K5OR1" failures="0" tests="3" name="testCases.PortfolioTest" time="9.048" errors="0" timestamp="2025-02-16T19:55:41 IST" skipped="2">
  <testcase classname="testCases.PortfolioTest" name="deletePortfolio" time="0.000">
    <skipped/>
  </testcase> <!-- deletePortfolio -->
  <system-out/>
  <testcase classname="testCases.PortfolioTest" name="deletePortfolio" time="9.048"/>
  <system-out/>
  <testcase classname="testCases.PortfolioTest" name="deletePortfolio" time="0.000">
    <skipped/>
  </testcase> <!-- deletePortfolio -->
  <system-out/>
</testsuite> <!-- testCases.PortfolioTest -->
