<?xml version="1.0" encoding="UTF-8"?>
<!-- Generated by org.testng.reporters.JUnitReportReporter -->
<testsuite hostname="DESKTOP-V7K5OR1" failures="0" tests="14" name="testCases.SessionTest" time="55.476" errors="2" timestamp="2025-06-30T23:17:13 IST" skipped="10">
  <testcase classname="testCases.SessionTest" name="doLogin" time="0.000">
    <skipped/>
  </testcase> <!-- doLogin -->
  <testcase classname="testCases.SessionTest" name="openUp" time="0.000">
    <skipped/>
  </testcase> <!-- openUp -->
  <testcase classname="testCases.SessionTest" name="doLogin" time="0.000">
    <skipped/>
  </testcase> <!-- doLogin -->
  <testcase classname="testCases.SessionTest" name="doLogin" time="0.000">
    <skipped/>
  </testcase> <!-- doLogin -->
  <testcase classname="testCases.SessionTest" name="doLogin" time="49.210"/>
  <testcase classname="testCases.SessionTest" name="openUp" time="0.000">
    <skipped/>
  </testcase> <!-- openUp -->
  <testcase classname="testCases.SessionTest" name="openUp" time="0.000">
    <skipped/>
  </testcase> <!-- openUp -->
  <testcase classname="testCases.SessionTest" name="openUp" time="0.000">
    <skipped/>
  </testcase> <!-- openUp -->
  <testcase classname="testCases.SessionTest" name="beforeTest" time="0.030">
    <error message="Cannot invoke &quot;String.equalsIgnoreCase(String)&quot; because &quot;runMode&quot; is null" type="java.lang.NullPointerException">
      <![CDATA[java.lang.NullPointerException: Cannot invoke "String.equalsIgnoreCase(String)" because "runMode" is null
at testbase.BaseTest.beforeTest(BaseTest.java:77)
at java.base/jdk.internal.reflect.NativeMethodAccessorImpl.invoke0(Native Method)
at java.base/jdk.internal.reflect.NativeMethodAccessorImpl.invoke(NativeMethodAccessorImpl.java:77)
at java.base/jdk.internal.reflect.DelegatingMethodAccessorImpl.invoke(DelegatingMethodAccessorImpl.java:43)
at java.base/java.lang.reflect.Method.invoke(Method.java:568)
at org.testng.internal.invokers.MethodInvocationHelper.invokeMethod(MethodInvocationHelper.java:141)
at org.testng.internal.invokers.MethodInvocationHelper.invokeMethodConsideringTimeout(MethodInvocationHelper.java:71)
at org.testng.internal.invokers.ConfigInvoker.invokeConfigurationMethod(ConfigInvoker.java:400)
at org.testng.internal.invokers.ConfigInvoker.invokeConfigurations(ConfigInvoker.java:333)
at org.testng.TestRunner.invokeTestConfigurations(TestRunner.java:655)
at org.testng.TestRunner.beforeRun(TestRunner.java:644)
at org.testng.TestRunner.run(TestRunner.java:610)
at org.testng.SuiteRunner.runTest(SuiteRunner.java:421)
at org.testng.SuiteRunner.runSequentially(SuiteRunner.java:413)
at org.testng.SuiteRunner.privateRun(SuiteRunner.java:373)
at org.testng.SuiteRunner.run(SuiteRunner.java:312)
at org.testng.SuiteRunnerWorker.runSuite(SuiteRunnerWorker.java:52)
at org.testng.SuiteRunnerWorker.run(SuiteRunnerWorker.java:95)
at org.testng.TestNG.runSuitesSequentially(TestNG.java:1274)
at org.testng.TestNG.runSuitesLocally(TestNG.java:1208)
at org.testng.TestNG.runSuites(TestNG.java:1112)
at org.testng.TestNG.run(TestNG.java:1079)
at runner.TestNGRunner.run(TestNGRunner.java:32)
at runner.JSONRunner.main(JSONRunner.java:148)
]]>
    </error>
  </testcase> <!-- beforeTest -->
  <testcase classname="testCases.SessionTest" name="openUp" time="5.878"/>
  <testcase classname="testCases.SessionTest" name="doLogin" time="0.000">
    <skipped/>
  </testcase> <!-- doLogin -->
  <testcase classname="testCases.SessionTest" name="doLogin" time="0.000">
    <skipped/>
  </testcase> <!-- doLogin -->
  <testcase classname="testCases.SessionTest" name="beforeTest" time="0.358">
    <error message="Cannot invoke &quot;String.equalsIgnoreCase(String)&quot; because &quot;runMode&quot; is null" type="java.lang.NullPointerException">
      <![CDATA[java.lang.NullPointerException: Cannot invoke "String.equalsIgnoreCase(String)" because "runMode" is null
at testbase.BaseTest.beforeTest(BaseTest.java:77)
at java.base/jdk.internal.reflect.NativeMethodAccessorImpl.invoke0(Native Method)
at java.base/jdk.internal.reflect.NativeMethodAccessorImpl.invoke(NativeMethodAccessorImpl.java:77)
at java.base/jdk.internal.reflect.DelegatingMethodAccessorImpl.invoke(DelegatingMethodAccessorImpl.java:43)
at java.base/java.lang.reflect.Method.invoke(Method.java:568)
at org.testng.internal.invokers.MethodInvocationHelper.invokeMethod(MethodInvocationHelper.java:141)
at org.testng.internal.invokers.MethodInvocationHelper.invokeMethodConsideringTimeout(MethodInvocationHelper.java:71)
at org.testng.internal.invokers.ConfigInvoker.invokeConfigurationMethod(ConfigInvoker.java:400)
at org.testng.internal.invokers.ConfigInvoker.invokeConfigurations(ConfigInvoker.java:333)
at org.testng.TestRunner.invokeTestConfigurations(TestRunner.java:655)
at org.testng.TestRunner.beforeRun(TestRunner.java:644)
at org.testng.TestRunner.run(TestRunner.java:610)
at org.testng.SuiteRunner.runTest(SuiteRunner.java:421)
at org.testng.SuiteRunner.runSequentially(SuiteRunner.java:413)
at org.testng.SuiteRunner.privateRun(SuiteRunner.java:373)
at org.testng.SuiteRunner.run(SuiteRunner.java:312)
at org.testng.SuiteRunnerWorker.runSuite(SuiteRunnerWorker.java:52)
at org.testng.SuiteRunnerWorker.run(SuiteRunnerWorker.java:95)
at org.testng.TestNG.runSuitesSequentially(TestNG.java:1274)
at org.testng.TestNG.runSuitesLocally(TestNG.java:1208)
at org.testng.TestNG.runSuites(TestNG.java:1112)
at org.testng.TestNG.run(TestNG.java:1079)
at runner.TestNGRunner.run(TestNGRunner.java:32)
at runner.JSONRunner.main(JSONRunner.java:148)
]]>
    </error>
  </testcase> <!-- beforeTest -->
  <testcase classname="testCases.SessionTest" name="openUp" time="0.000">
    <skipped/>
  </testcase> <!-- openUp -->
</testsuite> <!-- testCases.SessionTest -->
