<?xml version="1.0" encoding="UTF-8"?>
<!-- Generated by org.testng.reporters.JUnitReportReporter -->
<testsuite hostname="DESKTOP-V7K5OR1" failures="0" tests="24" name="testCases.SessionTest" time="602.911" errors="0" timestamp="2025-03-02T19:13:01 IST" skipped="10">
  <testcase classname="testCases.SessionTest" name="openUp" time="52.499"/>
  <system-out/>
  <testcase classname="testCases.SessionTest" name="doLogin" time="0.000">
    <skipped/>
  </testcase> <!-- doLogin -->
  <system-out/>
  <testcase classname="testCases.SessionTest" name="doLogin" time="31.919"/>
  <system-out/>
  <testcase classname="testCases.SessionTest" name="openUp" time="60.942"/>
  <system-out/>
  <testcase classname="testCases.SessionTest" name="doLogin" time="40.000"/>
  <system-out/>
  <testcase classname="testCases.SessionTest" name="doLogin" time="0.000">
    <skipped/>
  </testcase> <!-- doLogin -->
  <system-out/>
  <testcase classname="testCases.SessionTest" name="doLogin" time="49.669"/>
  <system-out/>
  <testcase classname="testCases.SessionTest" name="openUp" time="0.000">
    <skipped/>
  </testcase> <!-- openUp -->
  <system-out/>
  <testcase classname="testCases.SessionTest" name="doLogin" time="0.000">
    <skipped/>
  </testcase> <!-- doLogin -->
  <system-out/>
  <testcase classname="testCases.SessionTest" name="doLogin" time="34.923"/>
  <system-out/>
  <testcase classname="testCases.SessionTest" name="openUp" time="0.000">
    <skipped/>
  </testcase> <!-- openUp -->
  <system-out/>
  <testcase classname="testCases.SessionTest" name="openUp" time="59.251"/>
  <system-out/>
  <testcase classname="testCases.SessionTest" name="doLogin" time="45.499"/>
  <system-out/>
  <testcase classname="testCases.SessionTest" name="openUp" time="0.000">
    <skipped/>
  </testcase> <!-- openUp -->
  <system-out/>
  <testcase classname="testCases.SessionTest" name="openUp" time="69.166"/>
  <system-out/>
  <testcase classname="testCases.SessionTest" name="doLogin" time="38.869"/>
  <system-out/>
  <testcase classname="testCases.SessionTest" name="openUp" time="28.652"/>
  <system-out/>
  <testcase classname="testCases.SessionTest" name="openUp" time="52.461"/>
  <system-out/>
  <testcase classname="testCases.SessionTest" name="doLogin" time="0.000">
    <skipped/>
  </testcase> <!-- doLogin -->
  <system-out/>
  <testcase classname="testCases.SessionTest" name="openUp" time="0.000">
    <skipped/>
  </testcase> <!-- openUp -->
  <system-out/>
  <testcase classname="testCases.SessionTest" name="openUp" time="3.978"/>
  <system-out/>
  <testcase classname="testCases.SessionTest" name="doLogin" time="0.000">
    <skipped/>
  </testcase> <!-- doLogin -->
  <system-out/>
  <testcase classname="testCases.SessionTest" name="openUp" time="0.000">
    <skipped/>
  </testcase> <!-- openUp -->
  <system-out/>
  <testcase classname="testCases.SessionTest" name="doLogin" time="35.083"/>
  <system-out/>
</testsuite> <!-- testCases.SessionTest -->
